
Clover Installer r5122 (f4e10b1a2) (installer library v1.1.6), 2020-09-21 11:53:48
macOS Version 10.15.6 (Build 19G73)
SELF = /Applications/Clover.app/Contents/MacOS/CloverDaemonNew
Backup made at:
/Users/aswindevsp/Desktop/CloverBackUp/TOSHIBA MQ01ABD100 Media/r5122_2020-09-21_11-53-40/EFI.
Target volume: /Volumes/NO NAME
BSD Name:      disk0s2
Filesystem:    FAT32
Is internal:   true
Is writable:   true
Installation type: UEFI

/dev/disk0 (internal, physical):
   #:                       TYPE NAME                    SIZE       IDENTIFIER
   0:      GUID_partition_scheme                        *1.0 TB     disk0
   1:       Microsoft Basic Data                         448.6 GB   disk0s1
   2:                        EFI NO NAME                 524.3 MB   disk0s2
   3:                 Apple_APFS Container disk1         309.0 GB   disk0s3
   4:       Microsoft Basic Data                         242.1 GB   disk0s4

/dev/disk1 (synthesized):
   #:                       TYPE NAME                    SIZE       IDENTIFIER
   0:      APFS Container Scheme -                      +309.0 GB   disk1
                                 Physical Store disk0s3
   1:                APFS Volume Catallina - Data        5.6 GB     disk1s1
   2:                APFS Volume Preboot                 83.6 MB    disk1s2
   3:                APFS Volume Recovery                528.8 MB   disk1s3
   4:                APFS Volume VM                      1.1 MB     disk1s4
   5:                APFS Volume Catallina               11.3 GB    disk1s5




Installing/Updating Clover:
+ ../BOOT/BOOTX64.efi
+ ../CLOVER/CLOVERX64.efi

Installing/Updating drivers:
+ ../UEFI/AudioDxe.efi
+ ../UEFI/DataHubDxe.efi
+ ../UEFI/FSInject.efi
+ ../UEFI/SMCHelper.efi
+ ../UEFI/ApfsDriverLoader.efi
+ ../UEFI/AptioMemoryFix.efi
+ ../BIOS/AudioDxe.efi
+ ../BIOS/FSInject.efi
+ ../BIOS/SMCHelper.efi
+ ../BIOS/XhciDxe.efi
+ ../BIOS/ApfsDriverLoader.efi

Installing/Updating tools:
+ ../tools/Shell64.efi
+ ../tools/bdmesg.efi
+ ../tools/Shell64U.efi
+ ../tools/Shell32.efi

Installing/Updating docs:
+ ../doc/UEFI boot with Clover.rtf
+ ../doc/boot1f32-install.sh
+ ../doc/HowToInstallOSX.txt
+ ../doc/HowToFixDsdt.txt
+ ../doc/bcfg.txt